SF:lib/src/animator_rebuilder.dart
DA:22,1
DA:27,1
DA:29,1
DA:30,1
DA:34,1
DA:35,3
DA:37,1
DA:39,1
DA:40,6
DA:43,1
DA:45,2
DA:46,1
DA:49,1
DA:51,3
DA:53,1
DA:54,2
LF:16
LH:16
end_of_record
SF:lib/src/animator_key.dart
DA:15,2
DA:17,2
DA:50,2
DA:53,1
DA:54,2
DA:56,1
DA:57,2
DA:59,1
DA:61,2
DA:64,1
DA:66,1
DA:67,2
DA:69,2
DA:72,1
DA:80,1
DA:81,1
DA:89,1
DA:92,2
DA:94,4
DA:97,1
DA:99,1
DA:100,1
DA:102,2
DA:105,2
DA:106,6
DA:111,1
DA:112,2
DA:113,3
LF:28
LH:28
end_of_record
SF:lib/src/animator_state.dart
DA:49,2
DA:55,10
DA:56,2
DA:57,6
DA:59,6
DA:60,2
DA:62,2
DA:63,2
DA:66,10
DA:69,1
DA:70,2
DA:72,2
DA:74,6
DA:75,4
DA:79,10
DA:80,4
DA:84,2
DA:85,4
DA:87,2
DA:89,2
DA:90,2
DA:93,2
DA:103,2
DA:104,2
DA:107,2
DA:108,1
DA:111,1
DA:113,4
DA:125,2
DA:127,4
DA:130,2
DA:131,2
DA:132,4
LF:33
LH:33
end_of_record
SF:lib/src/animator.dart
DA:18,2
DA:36,2
DA:115,2
DA:116,2
DA:120,4
DA:121,4
DA:122,4
DA:123,8
DA:125,8
DA:127,8
DA:128,4
DA:129,5
DA:131,2
DA:132,4
DA:133,4
DA:134,8
DA:136,4
DA:137,3
DA:139,4
DA:140,6
DA:146,2
DA:148,2
DA:149,4
DA:150,2
DA:151,2
DA:153,4
DA:154,4
DA:157,2
DA:158,4
DA:160,2
DA:161,2
DA:162,8
DA:165,2
DA:167,2
DA:168,6
DA:169,4
DA:170,2
DA:171,2
DA:172,12
DA:174,8
DA:175,8
DA:176,8
DA:177,8
DA:179,8
DA:181,2
DA:185,2
DA:187,4
DA:188,2
DA:191,2
DA:193,2
DA:194,2
DA:195,2
DA:196,12
DA:198,2
DA:199,2
DA:200,4
LF:56
LH:56
end_of_record
SF:lib/src/animate_widget.dart
DA:80,1
DA:97,1
DA:99,1
DA:100,1
DA:104,2
DA:105,2
DA:106,2
DA:107,2
DA:108,2
DA:109,2
DA:110,2
DA:111,2
DA:112,2
DA:113,4
DA:114,2
DA:116,2
DA:119,2
DA:122,1
DA:124,1
DA:125,2
DA:126,2
DA:127,1
DA:128,2
DA:129,2
DA:135,1
DA:137,1
DA:138,4
DA:139,4
DA:140,2
DA:141,4
DA:142,2
DA:144,1
DA:145,1
DA:148,2
DA:149,4
DA:151,4
DA:152,4
DA:153,2
DA:155,4
DA:156,2
DA:159,3
DA:163,1
DA:165,1
DA:166,1
DA:167,3
DA:168,4
DA:170,2
DA:179,1
DA:180,1
DA:181,2
DA:184,3
DA:186,1
DA:187,2
DA:191,1
DA:192,2
DA:196,1
DA:199,1
DA:200,2
DA:206,1
DA:207,1
DA:208,2
LF:61
LH:61
end_of_record
