SF:lib\src\animator_key.dart
DA:19,2
DA:20,2
DA:71,4
DA:72,4
DA:81,4
DA:82,2
DA:83,2
DA:89,2
DA:91,2
DA:93,2
DA:95,2
DA:111,1
DA:121,2
DA:130,1
DA:134,1
DA:135,2
DA:136,1
DA:137,2
DA:138,1
DA:139,3
DA:142,1
DA:144,2
DA:147,1
DA:148,2
DA:150,2
DA:152,4
DA:155,1
DA:157,2
DA:160,1
DA:162,2
LF:30
LH:30
end_of_record
SF:lib\src\animator.dart
DA:9,2
DA:11,2
DA:14,2
DA:25,2
DA:43,1
DA:44,2
DA:74,2
DA:75,2
DA:161,2
DA:162,2
DA:166,2
DA:177,2
DA:178,2
DA:179,2
DA:180,2
DA:181,2
DA:182,2
DA:183,2
DA:184,2
DA:185,2
DA:186,2
DA:187,2
DA:188,2
DA:189,2
DA:193,2
DA:201,2
DA:203,2
DA:204,6
DA:207,2
DA:216,2
DA:217,2
DA:218,6
DA:226,2
DA:229,2
DA:231,2
DA:232,8
DA:233,0
DA:237,2
DA:239,2
DA:240,6
DA:241,6
DA:242,4
DA:245,4
DA:246,4
DA:247,2
DA:248,4
DA:249,4
DA:250,4
DA:251,4
DA:252,3
DA:260,1
DA:272,2
DA:273,4
DA:275,2
DA:276,4
DA:277,2
DA:280,2
DA:281,12
LF:58
LH:57
end_of_record
SF:lib\src\animator_state.dart
DA:15,1
DA:16,1
DA:45,2
DA:51,2
DA:52,2
DA:55,1
DA:56,1
DA:57,2
DA:58,4
DA:60,2
DA:61,6
DA:64,6
DA:65,6
DA:69,1
DA:71,2
DA:72,2
DA:75,1
DA:77,2
DA:78,3
DA:82,6
DA:83,2
DA:84,4
DA:94,2
DA:95,10
DA:96,4
DA:98,4
DA:99,2
DA:102,6
DA:103,2
DA:104,2
DA:105,2
DA:108,4
DA:109,4
DA:110,2
DA:112,1
DA:113,4
DA:119,10
DA:120,2
DA:122,4
DA:123,4
DA:124,8
DA:128,4
DA:129,2
DA:133,2
DA:134,6
DA:135,4
DA:136,6
DA:140,2
DA:141,2
DA:142,4
DA:146,2
DA:147,2
DA:148,2
DA:151,2
DA:152,4
DA:153,4
DA:156,2
DA:157,4
DA:158,4
DA:161,2
DA:164,1
DA:165,2
DA:166,1
DA:168,6
DA:169,4
DA:170,3
DA:171,1
DA:172,1
DA:173,1
DA:174,1
DA:176,2
DA:182,2
DA:183,2
DA:184,4
DA:186,4
DA:189,2
DA:190,6
DA:193,2
DA:194,2
DA:195,4
DA:199,2
DA:200,2
DA:201,2
DA:202,2
DA:203,2
DA:204,2
DA:205,4
DA:206,4
DA:207,3
DA:209,10
DA:210,4
DA:211,6
DA:212,2
DA:215,2
DA:216,8
DA:217,2
DA:218,4
DA:220,2
DA:221,2
DA:222,2
DA:224,2
DA:225,8
DA:226,4
LF:103
LH:103
end_of_record
SF:lib\src\animator_rebuilder.dart
DA:16,1
DA:21,1
DA:22,1
DA:23,1
DA:25,1
DA:27,2
DA:28,1
DA:29,1
DA:30,1
DA:31,1
DA:32,3
LF:11
LH:11
end_of_record
